#
# There is insufficient memory for the Java Runtime Environment to continue.
# Native memory allocation (malloc) failed to allocate 37936 bytes for Chunk::new
# Possible reasons:
#   The system is out of physical RAM or swap space
#   The process is running with CompressedOops enabled, and the Java Heap may be blocking the growth of the native heap
# Possible solutions:
#   Reduce memory load on the system
#   Increase physical memory or swap space
#   Check if swap backing store is full
#   Decrease Java heap size (-Xmx/-Xms)
#   Decrease number of Java threads
#   Decrease Java thread stack sizes (-Xss)
#   Set larger code cache with -XX:ReservedCodeCacheSize=
#   JVM is running with Unscaled Compressed Oops mode in which the Java heap is
#     placed in the first 4GB address space. The Java Heap base address is the
#     maximum limit for the native heap growth. Please use -XX:HeapBaseMinAddress
#     to set the Java Heap base and to place the Java Heap above 4GB virtual address.
# This output file may be truncated or incomplete.
#
#  Out of Memory Error (arena.cpp:168), pid=8544, tid=7172
#
# JRE version: Java(TM) SE Runtime Environment (21.0.5+9) (build 21.0.5+9-LTS-239)
# Java VM: Java HotSpot(TM) 64-Bit Server VM (21.0.5+9-LTS-239, mixed mode, sharing, tiered, compressed oops, compressed class ptrs, g1 gc, windows-amd64)
# No core dump will be written. Minidumps are not enabled by default on client versions of Windows
#

---------------  S U M M A R Y ------------

Command Line: -javaagent:C:\Program Files\JetBrains\IntelliJ IDEA 2024.3.3\lib\idea_rt.jar=49829 -Dfile.encoding=UTF-8 -Dsun.stdout.encoding=UTF-8 -Dsun.stderr.encoding=UTF-8 --module-path=C:\Users\User\.m2\repository\org\openjfx\javafx-fxml\21\javafx-fxml-21-win.jar;C:\Users\User\IdeaProjects\course3\target\classes;C:\Users\User\.m2\repository\org\openjfx\javafx-controls\21\javafx-controls-21-win.jar;C:\Users\User\.m2\repository\org\openjfx\javafx-graphics\21\javafx-graphics-21-win.jar;C:\Users\User\.m2\repository\org\openjfx\javafx-base\21\javafx-base-21-win.jar -Djdk.module.main=org.example.course3 org.example.course3/org.example.course3.HelloApplication

Host: Intel(R) Core(TM) i3-5005U CPU @ 2.00GHz, 4 cores, 3G,  Windows 10 , 64 bit Build 19041 (10.0.19041.5438)
Time: Wed Apr 23 18:13:04 2025 Sri Lanka Standard Time elapsed time: 0.527517 seconds (0d 0h 0m 0s)

---------------  T H R E A D  ---------------

Current thread (0x000001daed825d90):  JavaThread "C2 CompilerThread1" daemon [_thread_in_native, id=7172, stack(0x00000039c9800000,0x00000039c9900000) (1024K)]


Current CompileTask:
C2:    527  260       4       java.lang.StringLatin1::replace (198 bytes)

Stack: [0x00000039c9800000,0x00000039c9900000]
Native frames: (J=compiled Java code, j=interpreted, Vv=VM code, C=native code)
V  [jvm.dll+0x6ca289]
V  [jvm.dll+0x854a51]
V  [jvm.dll+0x856f7e]
V  [jvm.dll+0x857653]
V  [jvm.dll+0x27dd26]
V  [jvm.dll+0xc4c2d]
V  [jvm.dll+0xc5163]
V  [jvm.dll+0x3b4d02]
V  [jvm.dll+0x1df28b]
V  [jvm.dll+0x246a62]
V  [jvm.dll+0x245eef]
V  [jvm.dll+0x1c6d0e]
V  [jvm.dll+0x2554d9]
V  [jvm.dll+0x253a6a]
V  [jvm.dll+0x3ee136]
V  [jvm.dll+0x7fee9b]
V  [jvm.dll+0x6c896d]
C  [ucrtbase.dll+0x21bb2]
C  [KERNEL32.DLL+0x17374]
C  [ntdll.dll+0x4cc91]


---------------  P R O C E S S  ---------------

Threads class SMR info:
_java_thread_list=0x000001daed799e10, length=11, elements={
0x000001dad099de30, 0x000001daed589bd0, 0x000001daed58a8e0, 0x000001daed58f5e0,
0x000001daed590030, 0x000001daed590a80, 0x000001daed5938e0, 0x000001daed59c670,
0x000001daed5a4620, 0x000001daed565000, 0x000001daed825d90
}

Java Threads: ( => current thread )
  0x000001dad099de30 JavaThread "main"                              [_thread_in_vm, id=7316, stack(0x00000039c8700000,0x00000039c8800000) (1024K)]
  0x000001daed589bd0 JavaThread "Reference Handler"          daemon [_thread_blocked, id=2076, stack(0x00000039c8f00000,0x00000039c9000000) (1024K)]
  0x000001daed58a8e0 JavaThread "Finalizer"                  daemon [_thread_blocked, id=3436, stack(0x00000039c9000000,0x00000039c9100000) (1024K)]
  0x000001daed58f5e0 JavaThread "Signal Dispatcher"          daemon [_thread_blocked, id=5144, stack(0x00000039c9100000,0x00000039c9200000) (1024K)]
  0x000001daed590030 JavaThread "Attach Listener"            daemon [_thread_blocked, id=10332, stack(0x00000039c9200000,0x00000039c9300000) (1024K)]
  0x000001daed590a80 JavaThread "Service Thread"             daemon [_thread_blocked, id=8304, stack(0x00000039c9300000,0x00000039c9400000) (1024K)]
  0x000001daed5938e0 JavaThread "Monitor Deflation Thread"   daemon [_thread_blocked, id=7068, stack(0x00000039c9400000,0x00000039c9500000) (1024K)]
  0x000001daed59c670 JavaThread "C2 CompilerThread0"         daemon [_thread_in_native, id=8720, stack(0x00000039c9500000,0x00000039c9600000) (1024K)]
  0x000001daed5a4620 JavaThread "C1 CompilerThread0"         daemon [_thread_in_vm, id=3120, stack(0x00000039c9600000,0x00000039c9700000) (1024K)]
  0x000001daed565000 JavaThread "Common-Cleaner"             daemon [_thread_blocked, id=8024, stack(0x00000039c9700000,0x00000039c9800000) (1024K)]
=>0x000001daed825d90 JavaThread "C2 CompilerThread1"         daemon [_thread_in_native, id=7172, stack(0x00000039c9800000,0x00000039c9900000) (1024K)]
Total: 11

Other Threads:
  0x000001daed573cd0 VMThread "VM Thread"                           [id=10348, stack(0x00000039c8e00000,0x00000039c8f00000) (1024K)]
  0x000001daed561d10 WatcherThread "VM Periodic Task Thread"        [id=4408, stack(0x00000039c8d00000,0x00000039c8e00000) (1024K)]
  0x000001dad09d59b0 WorkerThread "GC Thread#0"                     [id=4960, stack(0x00000039c8800000,0x00000039c8900000) (1024K)]
  0x000001dad09df720 ConcurrentGCThread "G1 Main Marker"            [id=6624, stack(0x00000039c8900000,0x00000039c8a00000) (1024K)]
  0x000001dad09e0220 WorkerThread "G1 Conc#0"                       [id=4996, stack(0x00000039c8a00000,0x00000039c8b00000) (1024K)]
  0x000001daed4410a0 ConcurrentGCThread "G1 Refine#0"               [id=5884, stack(0x00000039c8b00000,0x00000039c8c00000) (1024K)]
  0x000001daed441a20 ConcurrentGCThread "G1 Service"                [id=2660, stack(0x00000039c8c00000,0x00000039c8d00000) (1024K)]
Total: 7

Threads with active compile tasks:
C2 CompilerThread0      597  289       4       java.util.stream.ReferencePipeline$3$1::accept (23 bytes)
C1 CompilerThread0      597  315       3       java.lang.module.ModuleDescriptor::hashCode (170 bytes)
C2 CompilerThread1      597  260       4       java.lang.StringLatin1::replace (198 bytes)
Total: 3

VM state: not at safepoint (normal execution)

VM Mutex/Monitor currently owned by a thread: None

Heap address: 0x00000000c1400000, size: 1004 MB, Compressed Oops mode: 32-bit

CDS archive(s) mapped at: [0x000001da80000000-0x000001da80c90000-0x000001da80c90000), size 13172736, SharedBaseAddress: 0x000001da80000000, ArchiveRelocationMode: 1.
Compressed class space mapped at: 0x000001da81000000-0x000001dac1000000, reserved size: 1073741824
Narrow klass base: 0x000001da80000000, Narrow klass shift: 0, Narrow klass range: 0x100000000

GC Precious Log:
 CardTable entry size: 512
 Card Set container configuration: InlinePtr #cards 5 size 8 Array Of Cards #cards 12 size 40 Howl #buckets 4 coarsen threshold 1843 Howl Bitmap #cards 512 size 80 coarsen threshold 460 Card regions per heap region 1 cards per card region 2048
 CPUs: 4 total, 4 available
 Memory: 4011M
 Large Page Support: Disabled
 NUMA Support: Disabled
 Compressed Oops: Enabled (32-bit)
 Heap Region Size: 1M
 Heap Min Capacity: 8M
 Heap Initial Capacity: 64M
 Heap Max Capacity: 1004M
 Pre-touch: Disabled
 Parallel Workers: 4
 Concurrent Workers: 1
 Concurrent Refinement Workers: 4
 Periodic GC: Disabled

Heap:
 garbage-first heap   total 65536K, used 5120K [0x00000000c1400000, 0x0000000100000000)
  region size 1024K, 6 young (6144K), 0 survivors (0K)
 Metaspace       used 738K, committed 896K, reserved 1114112K
  class space    used 57K, committed 128K, reserved 1048576K

Heap Regions: E=young(eden), S=young(survivor), O=old, HS=humongous(starts), HC=humongous(continues), CS=collection set, F=free, TAMS=top-at-mark-start, PB=parsable bottom
|   0|0x00000000c1400000, 0x00000000c1400000, 0x00000000c1500000|  0%| F|  |TAMS 0x00000000c1400000| PB 0x00000000c1400000| Untracked 
|   1|0x00000000c1500000, 0x00000000c1500000, 0x00000000c1600000|  0%| F|  |TAMS 0x00000000c1500000| PB 0x00000000c1500000| Untracked 
|   2|0x00000000c1600000, 0x00000000c1600000, 0x00000000c1700000|  0%| F|  |TAMS 0x00000000c1600000| PB 0x00000000c1600000| Untracked 
|   3|0x00000000c1700000, 0x00000000c1700000, 0x00000000c1800000|  0%| F|  |TAMS 0x00000000c1700000| PB 0x00000000c1700000| Untracked 
|   4|0x00000000c1800000, 0x00000000c1800000, 0x00000000c1900000|  0%| F|  |TAMS 0x00000000c1800000| PB 0x00000000c1800000| Untracked 
|   5|0x00000000c1900000, 0x00000000c1900000, 0x00000000c1a00000|  0%| F|  |TAMS 0x00000000c1900000| PB 0x00000000c1900000| Untracked 
|   6|0x00000000c1a00000, 0x00000000c1a00000, 0x00000000c1b00000|  0%| F|  |TAMS 0x00000000c1a00000| PB 0x00000000c1a00000| Untracked 
|   7|0x00000000c1b00000, 0x00000000c1b00000, 0x00000000c1c00000|  0%| F|  |TAMS 0x00000000c1b00000| PB 0x00000000c1b00000| Untracked 
|   8|0x00000000c1c00000, 0x00000000c1c00000, 0x00000000c1d00000|  0%| F|  |TAMS 0x00000000c1c00000| PB 0x00000000c1c00000| Untracked 
|   9|0x00000000c1d00000, 0x00000000c1d00000, 0x00000000c1e00000|  0%| F|  |TAMS 0x00000000c1d00000| PB 0x00000000c1d00000| Untracked 
|  10|0x00000000c1e00000, 0x00000000c1e00000, 0x00000000c1f00000|  0%| F|  |TAMS 0x00000000c1e00000| PB 0x00000000c1e00000| Untracked 
|  11|0x00000000c1f00000, 0x00000000c1f00000, 0x00000000c2000000|  0%| F|  |TAMS 0x00000000c1f00000| PB 0x00000000c1f00000| Untracked 
|  12|0x00000000c2000000, 0x00000000c2000000, 0x00000000c2100000|  0%| F|  |TAMS 0x00000000c2000000| PB 0x00000000c2000000| Untracked 
|  13|0x00000000c2100000, 0x00000000c2100000, 0x00000000c2200000|  0%| F|  |TAMS 0x00000000c2100000| PB 0x00000000c2100000| Untracked 
|  14|0x00000000c2200000, 0x00000000c2200000, 0x00000000c2300000|  0%| F|  |TAMS 0x00000000c2200000| PB 0x00000000c2200000| Untracked 
|  15|0x00000000c2300000, 0x00000000c2300000, 0x00000000c2400000|  0%| F|  |TAMS 0x00000000c2300000| PB 0x00000000c2300000| Untracked 
|  16|0x00000000c2400000, 0x00000000c2400000, 0x00000000c2500000|  0%| F|  |TAMS 0x00000000c2400000| PB 0x00000000c2400000| Untracked 
|  17|0x00000000c2500000, 0x00000000c2500000, 0x00000000c2600000|  0%| F|  |TAMS 0x00000000c2500000| PB 0x00000000c2500000| Untracked 
|  18|0x00000000c2600000, 0x00000000c2600000, 0x00000000c2700000|  0%| F|  |TAMS 0x00000000c2600000| PB 0x00000000c2600000| Untracked 
|  19|0x00000000c2700000, 0x00000000c2700000, 0x00000000c2800000|  0%| F|  |TAMS 0x00000000c2700000| PB 0x00000000c2700000| Untracked 
|  20|0x00000000c2800000, 0x00000000c2800000, 0x00000000c2900000|  0%| F|  |TAMS 0x00000000c2800000| PB 0x00000000c2800000| Untracked 
|  21|0x00000000c2900000, 0x00000000c2900000, 0x00000000c2a00000|  0%| F|  |TAMS 0x00000000c2900000| PB 0x00000000c2900000| Untracked 
|  22|0x00000000c2a00000, 0x00000000c2a00000, 0x00000000c2b00000|  0%| F|  |TAMS 0x00000000c2a00000| PB 0x00000000c2a00000| Untracked 
|  23|0x00000000c2b00000, 0x00000000c2b00000, 0x00000000c2c00000|  0%| F|  |TAMS 0x00000000c2b00000| PB 0x00000000c2b00000| Untracked 
|  24|0x00000000c2c00000, 0x00000000c2c00000, 0x00000000c2d00000|  0%| F|  |TAMS 0x00000000c2c00000| PB 0x00000000c2c00000| Untracked 
|  25|0x00000000c2d00000, 0x00000000c2d00000, 0x00000000c2e00000|  0%| F|  |TAMS 0x00000000c2d00000| PB 0x00000000c2d00000| Untracked 
|  26|0x00000000c2e00000, 0x00000000c2e00000, 0x00000000c2f00000|  0%| F|  |TAMS 0x00000000c2e00000| PB 0x00000000c2e00000| Untracked 
|  27|0x00000000c2f00000, 0x00000000c2f00000, 0x00000000c3000000|  0%| F|  |TAMS 0x00000000c2f00000| PB 0x00000000c2f00000| Untracked 
|  28|0x00000000c3000000, 0x00000000c3000000, 0x00000000c3100000|  0%| F|  |TAMS 0x00000000c3000000| PB 0x00000000c3000000| Untracked 
|  29|0x00000000c3100000, 0x00000000c3100000, 0x00000000c3200000|  0%| F|  |TAMS 0x00000000c3100000| PB 0x00000000c3100000| Untracked 
|  30|0x00000000c3200000, 0x00000000c3200000, 0x00000000c3300000|  0%| F|  |TAMS 0x00000000c3200000| PB 0x00000000c3200000| Untracked 
|  31|0x00000000c3300000, 0x00000000c3300000, 0x00000000c3400000|  0%| F|  |TAMS 0x00000000c3300000| PB 0x00000000c3300000| Untracked 
|  32|0x00000000c3400000, 0x00000000c3400000, 0x00000000c3500000|  0%| F|  |TAMS 0x00000000c3400000| PB 0x00000000c3400000| Untracked 
|  33|0x00000000c3500000, 0x00000000c3500000, 0x00000000c3600000|  0%| F|  |TAMS 0x00000000c3500000| PB 0x00000000c3500000| Untracked 
|  34|0x00000000c3600000, 0x00000000c3600000, 0x00000000c3700000|  0%| F|  |TAMS 0x00000000c3600000| PB 0x00000000c3600000| Untracked 
|  35|0x00000000c3700000, 0x00000000c3700000, 0x00000000c3800000|  0%| F|  |TAMS 0x00000000c3700000| PB 0x00000000c3700000| Untracked 
|  36|0x00000000c3800000, 0x00000000c3800000, 0x00000000c3900000|  0%| F|  |TAMS 0x00000000c3800000| PB 0x00000000c3800000| Untracked 
|  37|0x00000000c3900000, 0x00000000c3900000, 0x00000000c3a00000|  0%| F|  |TAMS 0x00000000c3900000| PB 0x00000000c3900000| Untracked 
|  38|0x00000000c3a00000, 0x00000000c3a00000, 0x00000000c3b00000|  0%| F|  |TAMS 0x00000000c3a00000| PB 0x00000000c3a00000| Untracked 
|  39|0x00000000c3b00000, 0x00000000c3b00000, 0x00000000c3c00000|  0%| F|  |TAMS 0x00000000c3b00000| PB 0x00000000c3b00000| Untracked 
|  40|0x00000000c3c00000, 0x00000000c3c00000, 0x00000000c3d00000|  0%| F|  |TAMS 0x00000000c3c00000| PB 0x00000000c3c00000| Untracked 
|  41|0x00000000c3d00000, 0x00000000c3d00000, 0x00000000c3e00000|  0%| F|  |TAMS 0x00000000c3d00000| PB 0x00000000c3d00000| Untracked 
|  42|0x00000000c3e00000, 0x00000000c3e00000, 0x00000000c3f00000|  0%| F|  |TAMS 0x00000000c3e00000| PB 0x00000000c3e00000| Untracked 
|  43|0x00000000c3f00000, 0x00000000c3f00000, 0x00000000c4000000|  0%| F|  |TAMS 0x00000000c3f00000| PB 0x00000000c3f00000| Untracked 
|  44|0x00000000c4000000, 0x00000000c4000000, 0x00000000c4100000|  0%| F|  |TAMS 0x00000000c4000000| PB 0x00000000c4000000| Untracked 
|  45|0x00000000c4100000, 0x00000000c4100000, 0x00000000c4200000|  0%| F|  |TAMS 0x00000000c4100000| PB 0x00000000c4100000| Untracked 
|  46|0x00000000c4200000, 0x00000000c4200000, 0x00000000c4300000|  0%| F|  |TAMS 0x00000000c4200000| PB 0x00000000c4200000| Untracked 
|  47|0x00000000c4300000, 0x00000000c4300000, 0x00000000c4400000|  0%| F|  |TAMS 0x00000000c4300000| PB 0x00000000c4300000| Untracked 
|  48|0x00000000c4400000, 0x00000000c4400000, 0x00000000c4500000|  0%| F|  |TAMS 0x00000000c4400000| PB 0x00000000c4400000| Untracked 
|  49|0x00000000c4500000, 0x00000000c4500000, 0x00000000c4600000|  0%| F|  |TAMS 0x00000000c4500000| PB 0x00000000c4500000| Untracked 
|  50|0x00000000c4600000, 0x00000000c4600000, 0x00000000c4700000|  0%| F|  |TAMS 0x00000000c4600000| PB 0x00000000c4600000| Untracked 
|  51|0x00000000c4700000, 0x00000000c4700000, 0x00000000c4800000|  0%| F|  |TAMS 0x00000000c4700000| PB 0x00000000c4700000| Untracked 
|  52|0x00000000c4800000, 0x00000000c4800000, 0x00000000c4900000|  0%| F|  |TAMS 0x00000000c4800000| PB 0x00000000c4800000| Untracked 
|  53|0x00000000c4900000, 0x00000000c4900000, 0x00000000c4a00000|  0%| F|  |TAMS 0x00000000c4900000| PB 0x00000000c4900000| Untracked 
|  54|0x00000000c4a00000, 0x00000000c4a00000, 0x00000000c4b00000|  0%| F|  |TAMS 0x00000000c4a00000| PB 0x00000000c4a00000| Untracked 
|  55|0x00000000c4b00000, 0x00000000c4b00000, 0x00000000c4c00000|  0%| F|  |TAMS 0x00000000c4b00000| PB 0x00000000c4b00000| Untracked 
|  56|0x00000000c4c00000, 0x00000000c4c00000, 0x00000000c4d00000|  0%| F|  |TAMS 0x00000000c4c00000| PB 0x00000000c4c00000| Untracked 
|  57|0x00000000c4d00000, 0x00000000c4d00000, 0x00000000c4e00000|  0%| F|  |TAMS 0x00000000c4d00000| PB 0x00000000c4d00000| Untracked 
|  58|0x00000000c4e00000, 0x00000000c4f00000, 0x00000000c4f00000|100%| E|  |TAMS 0x00000000c4e00000| PB 0x00000000c4e00000| Complete 
|  59|0x00000000c4f00000, 0x00000000c5000000, 0x00000000c5000000|100%| E|CS|TAMS 0x00000000c4f00000| PB 0x00000000c4f00000| Complete 
|  60|0x00000000c5000000, 0x00000000c5100000, 0x00000000c5100000|100%| E|CS|TAMS 0x00000000c5000000| PB 0x00000000c5000000| Complete 
|  61|0x00000000c5100000, 0x00000000c5200000, 0x00000000c5200000|100%| E|CS|TAMS 0x00000000c5100000| PB 0x00000000c5100000| Complete 
|  62|0x00000000c5200000, 0x00000000c5300000, 0x00000000c5300000|100%| E|CS|TAMS 0x00000000c5200000| PB 0x00000000c5200000| Complete 
|  63|0x00000000c5300000, 0x00000000c5400000, 0x00000000c5400000|100%| E|CS|TAMS 0x00000000c5300000| PB 0x00000000c5300000| Complete 

Card table byte_map: [0x000001dae9e30000,0x000001daea030000] _byte_map_base: 0x000001dae9826000

Marking Bits: (CMBitMap*) 0x000001dad09d60b0
 Bits: [0x000001daea030000, 0x000001daeafe0000)

Polling page: 0x000001dad07e0000

Metaspace:

Usage:
  Non-class:    686.69 KB used.
      Class:     58.30 KB used.
       Both:    744.99 KB used.

Virtual space:
  Non-class space:       64.00 MB reserved,     768.00 KB (  1%) committed,  1 nodes.
      Class space:        1.00 GB reserved,     128.00 KB ( <1%) committed,  1 nodes.
             Both:        1.06 GB reserved,     896.00 KB ( <1%) committed. 

Chunk freelists:
   Non-Class:  11.99 MB
       Class:  15.74 MB
        Both:  27.73 MB

MaxMetaspaceSize: unlimited
CompressedClassSpaceSize: 1.00 GB
Initial GC threshold: 21.00 MB
Current GC threshold: 21.00 MB
CDS: on
 - commit_granule_bytes: 65536.
 - commit_granule_words: 8192.
 - virtual_space_node_default_size: 8388608.
 - enlarge_chunks_in_place: 1.
 - use_allocation_guard: 0.


Internal statistics:

num_allocs_failed_limit: 0.
num_arena_births: 12.
num_arena_deaths: 0.
num_vsnodes_births: 2.
num_vsnodes_deaths: 0.
num_space_committed: 14.
num_space_uncommitted: 0.
num_chunks_returned_to_freelist: 0.
num_chunks_taken_from_freelist: 13.
num_chunk_merges: 0.
num_chunk_splits: 9.
num_chunks_enlarged: 5.
num_inconsistent_stats: 0.

CodeHeap 'non-profiled nmethods': size=120000Kb used=89Kb max_used=89Kb free=119910Kb
 bounds [0x000001dae20e0000, 0x000001dae2350000, 0x000001dae9610000]
CodeHeap 'profiled nmethods': size=120000Kb used=474Kb max_used=474Kb free=119525Kb
 bounds [0x000001dada610000, 0x000001dada880000, 0x000001dae1b40000]
CodeHeap 'non-nmethods': size=5760Kb used=1299Kb max_used=1315Kb free=4460Kb
 bounds [0x000001dae1b40000, 0x000001dae1db0000, 0x000001dae20e0000]
 total_blobs=735 nmethods=321 adapters=319
 compilation: enabled
              stopped_count=0, restarted_count=0
 full_count=0

Compilation events (20 events):
Event: 0.490 Thread 0x000001daed5a4620  254       3       java.lang.String::lastIndexOf (104 bytes)
Event: 0.491 Thread 0x000001daed5a4620 nmethod 254 0x000001dada668b10 code [0x000001dada668d20, 0x000001dada669270]
Event: 0.497 Thread 0x000001daed5a4620  262       3       java.util.HashMap::newNode (13 bytes)
Event: 0.497 Thread 0x000001daed825d90  260       4       java.lang.StringLatin1::replace (198 bytes)
Event: 0.498 Thread 0x000001daed5a4620 nmethod 262 0x000001dada669490 code [0x000001dada669640, 0x000001dada669988]
Event: 0.499 Thread 0x000001daed5a4620  263       3       java.lang.CharacterDataLatin1::toLowerCase (44 bytes)
Event: 0.499 Thread 0x000001daed5a4620 nmethod 263 0x000001dada669a90 code [0x000001dada669c40, 0x000001dada669ec0]
Event: 0.513 Thread 0x000001daed5a4620  265       3       java.io.DataInputStream::readFully (59 bytes)
Event: 0.514 Thread 0x000001daed5a4620 nmethod 265 0x000001dada669f90 code [0x000001dada66a180, 0x000001dada66a6a8]
Event: 0.515 Thread 0x000001daed5a4620  266       3       java.util.zip.Inflater::ensureOpen (47 bytes)
Event: 0.515 Thread 0x000001daed59c670 nmethod 258 0x000001dae20f0990 code [0x000001dae20f0b80, 0x000001dae20f1440]
Event: 0.516 Thread 0x000001daed5a4620 nmethod 266 0x000001dada66a910 code [0x000001dada66aac0, 0x000001dada66ad18]
Event: 0.516 Thread 0x000001daed59c670  261       4       java.lang.StringLatin1::lastIndexOf (125 bytes)
Event: 0.516 Thread 0x000001daed5a4620  267   !   3       java.util.zip.InflaterInputStream::read (129 bytes)
Event: 0.518 Thread 0x000001daed5a4620 nmethod 267 0x000001dada66ae10 code [0x000001dada66b0e0, 0x000001dada66be00]
Event: 0.518 Thread 0x000001daed5a4620  268       3       java.lang.invoke.VarHandleGuards::guard_LI_I (78 bytes)
Event: 0.519 Thread 0x000001daed59c670 nmethod 261 0x000001dae20f1b10 code [0x000001dae20f1ca0, 0x000001dae20f1e38]
Event: 0.519 Thread 0x000001daed59c670  264       4       java.lang.Math::min (11 bytes)
Event: 0.520 Thread 0x000001daed59c670 nmethod 264 0x000001dae20f2010 code [0x000001dae20f2180, 0x000001dae20f21f0]
Event: 0.520 Thread 0x000001daed59c670  249       4       java.lang.String::equals (56 bytes)

GC Heap History (0 events):
No events

Dll operation events (5 events):
Event: 0.035 Loaded shared library C:\Program Files\Java\jdk-21\bin\java.dll
Event: 0.159 Loaded shared library C:\Program Files\Java\jdk-21\bin\jsvml.dll
Event: 0.271 Loaded shared library C:\Program Files\Java\jdk-21\bin\net.dll
Event: 0.278 Loaded shared library C:\Program Files\Java\jdk-21\bin\nio.dll
Event: 0.287 Loaded shared library C:\Program Files\Java\jdk-21\bin\zip.dll

Deoptimization events (4 events):
Event: 0.451 Thread 0x000001dad099de30 DEOPT PACKING pc=0x000001dada62c155 sp=0x00000039c87fde70
Event: 0.451 Thread 0x000001dad099de30 DEOPT UNPACKING pc=0x000001dae1b94e42 sp=0x00000039c87fd2f8 mode 0
Event: 0.456 Thread 0x000001dad099de30 DEOPT PACKING pc=0x000001dada62c155 sp=0x00000039c87fdef0
Event: 0.456 Thread 0x000001dad099de30 DEOPT UNPACKING pc=0x000001dae1b94e42 sp=0x00000039c87fd378 mode 0

Classes loaded (20 events):
Event: 0.405 Loading class java/nio/file/Files$AcceptAllFilter
Event: 0.405 Loading class java/nio/file/DirectoryStream$Filter
Event: 0.405 Loading class java/nio/file/DirectoryStream$Filter done
Event: 0.405 Loading class java/nio/file/Files$AcceptAllFilter done
Event: 0.405 Loading class sun/nio/fs/WindowsDirectoryStream
Event: 0.405 Loading class java/nio/file/DirectoryStream
Event: 0.405 Loading class java/nio/file/DirectoryStream done
Event: 0.405 Loading class sun/nio/fs/WindowsDirectoryStream done
Event: 0.406 Loading class java/nio/file/FileTreeWalker$DirectoryNode
Event: 0.406 Loading class java/nio/file/FileTreeWalker$DirectoryNode done
Event: 0.406 Loading class sun/nio/fs/WindowsDirectoryStream$WindowsDirectoryIterator
Event: 0.406 Loading class sun/nio/fs/WindowsDirectoryStream$WindowsDirectoryIterator done
Event: 0.407 Loading class java/nio/file/FileTreeWalker$Event
Event: 0.407 Loading class java/nio/file/FileTreeWalker$Event done
Event: 0.407 Loading class java/nio/file/FileTreeWalker$EventType
Event: 0.408 Loading class java/nio/file/FileTreeWalker$EventType done
Event: 0.420 Loading class sun/nio/fs/WindowsPath$WindowsPathWithAttributes
Event: 0.420 Loading class sun/nio/fs/BasicFileAttributesHolder
Event: 0.420 Loading class sun/nio/fs/BasicFileAttributesHolder done
Event: 0.420 Loading class sun/nio/fs/WindowsPath$WindowsPathWithAttributes done

Classes unloaded (0 events):
No events

Classes redefined (0 events):
No events

Internal exceptions (2 events):
Event: 0.410 Thread 0x000001dad099de30 Exception <a 'java/lang/NoSuchMethodError'{0x00000000c52dc088}: 'void java.lang.invoke.DirectMethodHandle$Holder.invokeVirtual(java.lang.Object, java.lang.Object)'> (0x00000000c52dc088) 
thrown [s\open\src\hotspot\share\interpreter\linkResolver.cpp, line 773]
Event: 0.416 Thread 0x000001dad099de30 Exception <a 'java/lang/NoSuchMethodError'{0x00000000c52e6ad8}: 'java.lang.Object java.lang.invoke.DirectMethodHandle$Holder.invokeInterface(java.lang.Object, java.lang.Object, java.lang.Object)'> (0x00000000c52e6ad8) 
thrown [s\open\src\hotspot\share\interpreter\linkResolver.cpp, line 773]

ZGC Phase Switch (0 events):
No events

VM Operations (0 events):
No events

Events (11 events):
Event: 0.113 Thread 0x000001dad099de30 Thread added: 0x000001dad099de30
Event: 0.152 Thread 0x000001daed589bd0 Thread added: 0x000001daed589bd0
Event: 0.153 Thread 0x000001daed58a8e0 Thread added: 0x000001daed58a8e0
Event: 0.153 Thread 0x000001daed58f5e0 Thread added: 0x000001daed58f5e0
Event: 0.153 Thread 0x000001daed590030 Thread added: 0x000001daed590030
Event: 0.154 Thread 0x000001daed590a80 Thread added: 0x000001daed590a80
Event: 0.154 Thread 0x000001daed5938e0 Thread added: 0x000001daed5938e0
Event: 0.154 Thread 0x000001daed59c670 Thread added: 0x000001daed59c670
Event: 0.154 Thread 0x000001daed5a4620 Thread added: 0x000001daed5a4620
Event: 0.252 Thread 0x000001daed565000 Thread added: 0x000001daed565000
Event: 0.491 Thread 0x000001daed825d90 Thread added: 0x000001daed825d90


Dynamic libraries:
0x00007ff7e4c30000 - 0x00007ff7e4c40000 	C:\Program Files\Java\jdk-21\bin\java.exe
0x00007fff062d0000 - 0x00007fff064c8000 	C:\Windows\SYSTEM32\ntdll.dll
0x00007fff05300000 - 0x00007fff053c2000 	C:\Windows\System32\KERNEL32.DLL
0x00007fff03ce0000 - 0x00007fff03fdf000 	C:\Windows\System32\KERNELBASE.dll
0x00007fff040b0000 - 0x00007fff041b0000 	C:\Windows\System32\ucrtbase.dll
0x00007ffefcc50000 - 0x00007ffefcc69000 	C:\Program Files\Java\jdk-21\bin\jli.dll
0x00007ffefcc30000 - 0x00007ffefcc4b000 	C:\Program Files\Java\jdk-21\bin\VCRUNTIME140.dll
0x00007fff04bd0000 - 0x00007fff04c7f000 	C:\Windows\System32\ADVAPI32.dll
0x00007fff05150000 - 0x00007fff051ee000 	C:\Windows\System32\msvcrt.dll
0x00007fff04c80000 - 0x00007fff04d1f000 	C:\Windows\System32\sechost.dll
0x00007fff04300000 - 0x00007fff04423000 	C:\Windows\System32\RPCRT4.dll
0x00007fff03a30000 - 0x00007fff03a57000 	C:\Windows\System32\bcrypt.dll
0x00007fff04fb0000 - 0x00007fff0514d000 	C:\Windows\System32\USER32.dll
0x00007fff03fe0000 - 0x00007fff04002000 	C:\Windows\System32\win32u.dll
0x00007fff06260000 - 0x00007fff0628b000 	C:\Windows\System32\GDI32.dll
0x00007fff03bc0000 - 0x00007fff03cda000 	C:\Windows\System32\gdi32full.dll
0x00007fff04010000 - 0x00007fff040ad000 	C:\Windows\System32\msvcp_win.dll
0x00007ffef4b10000 - 0x00007ffef4daa000 	C:\Windows\WinSxS\amd64_microsoft.windows.common-controls_6595b64144ccf1df_6.0.19041.4355_none_60b8b9eb71f62e16\COMCTL32.dll
0x00007ffef7330000 - 0x00007ffef733a000 	C:\Windows\SYSTEM32\VERSION.dll
0x00007fff05b40000 - 0x00007fff05b6f000 	C:\Windows\System32\IMM32.DLL
0x00007ffeff890000 - 0x00007ffeff89c000 	C:\Program Files\Java\jdk-21\bin\vcruntime140_1.dll
0x00007ffef8df0000 - 0x00007ffef8e7e000 	C:\Program Files\Java\jdk-21\bin\msvcp140.dll
0x00007ffebc2e0000 - 0x00007ffebcff8000 	C:\Program Files\Java\jdk-21\bin\server\jvm.dll
0x00007fff04d20000 - 0x00007fff04d8b000 	C:\Windows\System32\WS2_32.dll
0x00007fff02eb0000 - 0x00007fff02efb000 	C:\Windows\SYSTEM32\POWRPROF.dll
0x00007ffef2ee0000 - 0x00007ffef2f07000 	C:\Windows\SYSTEM32\WINMM.dll
0x00007fff02d70000 - 0x00007fff02d82000 	C:\Windows\SYSTEM32\UMPDC.dll
0x00007fff017f0000 - 0x00007fff01802000 	C:\Windows\SYSTEM32\kernel.appcore.dll
0x00007ffeff760000 - 0x00007ffeff76a000 	C:\Program Files\Java\jdk-21\bin\jimage.dll
0x00007ffef0700000 - 0x00007ffef08e4000 	C:\Windows\SYSTEM32\DBGHELP.DLL
0x00007ffef0050000 - 0x00007ffef0084000 	C:\Windows\SYSTEM32\dbgcore.DLL
0x00007fff041b0000 - 0x00007fff04232000 	C:\Windows\System32\bcryptPrimitives.dll
0x00007ffeff7a0000 - 0x00007ffeff7af000 	C:\Program Files\Java\jdk-21\bin\instrument.dll
0x00007ffefcc10000 - 0x00007ffefcc2f000 	C:\Program Files\Java\jdk-21\bin\java.dll
0x00007fff053d0000 - 0x00007fff05b3d000 	C:\Windows\System32\SHELL32.dll
0x00007fff019f0000 - 0x00007fff02194000 	C:\Windows\SYSTEM32\windows.storage.dll
0x00007fff04540000 - 0x00007fff04895000 	C:\Windows\System32\combase.dll
0x00007fff033a0000 - 0x00007fff033cb000 	C:\Windows\SYSTEM32\Wldp.dll
0x00007fff04d90000 - 0x00007fff04e5d000 	C:\Windows\System32\OLEAUT32.dll
0x00007fff05ff0000 - 0x00007fff0609d000 	C:\Windows\System32\SHCORE.dll
0x00007fff04430000 - 0x00007fff04485000 	C:\Windows\System32\shlwapi.dll
0x00007fff038a0000 - 0x00007fff038c5000 	C:\Windows\SYSTEM32\profapi.dll
0x00007ffef8d10000 - 0x00007ffef8de7000 	C:\Program Files\Java\jdk-21\bin\jsvml.dll
0x00007ffeff6a0000 - 0x00007ffeff6b0000 	C:\Program Files\Java\jdk-21\bin\net.dll
0x00007ffefb880000 - 0x00007ffefb98a000 	C:\Windows\SYSTEM32\WINHTTP.dll
0x00007fff03100000 - 0x00007fff0316c000 	C:\Windows\system32\mswsock.dll
0x00007ffefbac0000 - 0x00007ffefbad6000 	C:\Program Files\Java\jdk-21\bin\nio.dll
0x00007ffef8cf0000 - 0x00007ffef8d08000 	C:\Program Files\Java\jdk-21\bin\zip.dll

dbghelp: loaded successfully - version: 4.0.5 - missing functions: none
symbol engine: initialized successfully - sym options: 0x614 - pdb path: .;C:\Program Files\Java\jdk-21\bin;C:\Windows\SYSTEM32;C:\Windows\WinSxS\amd64_microsoft.windows.common-controls_6595b64144ccf1df_6.0.19041.4355_none_60b8b9eb71f62e16;C:\Program Files\Java\jdk-21\bin\server

VM Arguments:
jvm_args: -javaagent:C:\Program Files\JetBrains\IntelliJ IDEA 2024.3.3\lib\idea_rt.jar=49829 -Dfile.encoding=UTF-8 -Dsun.stdout.encoding=UTF-8 -Dsun.stderr.encoding=UTF-8 --module-path=C:\Users\User\.m2\repository\org\openjfx\javafx-fxml\21\javafx-fxml-21-win.jar;C:\Users\User\IdeaProjects\course3\target\classes;C:\Users\User\.m2\repository\org\openjfx\javafx-controls\21\javafx-controls-21-win.jar;C:\Users\User\.m2\repository\org\openjfx\javafx-graphics\21\javafx-graphics-21-win.jar;C:\Users\User\.m2\repository\org\openjfx\javafx-base\21\javafx-base-21-win.jar -Djdk.module.main=org.example.course3 
java_command: org.example.course3/org.example.course3.HelloApplication
java_class_path (initial): C:\Users\User\.m2\repository\org\openjfx\javafx-controls\21\javafx-controls-21.jar;C:\Users\User\.m2\repository\org\openjfx\javafx-graphics\21\javafx-graphics-21.jar;C:\Users\User\.m2\repository\org\openjfx\javafx-base\21\javafx-base-21.jar;C:\Users\User\.m2\repository\org\openjfx\javafx-fxml\21\javafx-fxml-21.jar
Launcher Type: SUN_STANDARD

[Global flags]
     intx CICompilerCount                          = 3                                         {product} {ergonomic}
     uint ConcGCThreads                            = 1                                         {product} {ergonomic}
     uint G1ConcRefinementThreads                  = 4                                         {product} {ergonomic}
   size_t G1HeapRegionSize                         = 1048576                                   {product} {ergonomic}
    uintx GCDrainStackTargetSize                   = 64                                        {product} {ergonomic}
   size_t InitialHeapSize                          = 67108864                                  {product} {ergonomic}
   size_t MarkStackSize                            = 4194304                                   {product} {ergonomic}
   size_t MaxHeapSize                              = 1052770304                                {product} {ergonomic}
   size_t MaxNewSize                               = 631242752                                 {product} {ergonomic}
   size_t MinHeapDeltaBytes                        = 1048576                                   {product} {ergonomic}
   size_t MinHeapSize                              = 8388608                                   {product} {ergonomic}
    uintx NonNMethodCodeHeapSize                   = 5832780                                {pd product} {ergonomic}
    uintx NonProfiledCodeHeapSize                  = 122912730                              {pd product} {ergonomic}
    uintx ProfiledCodeHeapSize                     = 122912730                              {pd product} {ergonomic}
    uintx ReservedCodeCacheSize                    = 251658240                              {pd product} {ergonomic}
     bool SegmentedCodeCache                       = true                                      {product} {ergonomic}
   size_t SoftMaxHeapSize                          = 1052770304                             {manageable} {ergonomic}
     bool UseCompressedOops                        = true                           {product lp64_product} {ergonomic}
     bool UseG1GC                                  = true                                      {product} {ergonomic}
     bool UseLargePagesIndividualAllocation        = false                                  {pd product} {ergonomic}

Logging:
Log output configuration:
 #0: stdout all=warning uptime,level,tags foldmultilines=false
 #1: stderr all=off uptime,level,tags foldmultilines=false

Environment Variables:
PATH=C:\Program Files\Common Files\Oracle\Java\javapath;C:\Windows\system32;C:\Windows;C:\Windows\System32\Wbem;C:\Windows\System32\WindowsPowerShell\v1.0\;C:\Windows\System32\OpenSSH\;C:\Program Files\Java\jdk-21\bin;C:\Program Files\Git\cmd;C:\Program Files\MySQL\MySQL Server 8.0\bin;C:\Program Files\MySQL\MySQL Shell 8.0\bin\;C:\Users\User\AppData\Local\Microsoft\WindowsApps;
USERNAME=User
OS=Windows_NT
PROCESSOR_IDENTIFIER=Intel64 Family 6 Model 61 Stepping 4, GenuineIntel
TMP=C:\Users\User\AppData\Local\Temp
TEMP=C:\Users\User\AppData\Local\Temp




Periodic native trim disabled

---------------  S Y S T E M  ---------------

OS:
 Windows 10 , 64 bit Build 19041 (10.0.19041.5438)
OS uptime: 5 days 20:34 hours

CPU: total 4 (initial active 4) (2 cores per cpu, 2 threads per core) family 6 model 61 stepping 4 microcode 0x2d, cx8, cmov, fxsr, ht, mmx, 3dnowpref, sse, sse2, sse3, ssse3, sse4.1, sse4.2, popcnt, lzcnt, tsc, tscinvbit, avx, avx2, aes, erms, clmul, bmi1, bmi2, adx, fma, vzeroupper, clflush, rdtscp, f16c
Processor Information for all 4 processors :
  Max Mhz: 2000, Current Mhz: 2000, Mhz Limit: 2000

Memory: 4k page, system-wide physical 4011M (404M free)
TotalPageFile size 6059M (AvailPageFile size 2M)
current process WorkingSet (physical memory assigned to process): 44M, peak: 44M
current process commit charge ("private bytes"): 139M, peak: 139M

vm_info: Java HotSpot(TM) 64-Bit Server VM (21.0.5+9-LTS-239) for windows-amd64 JRE (21.0.5+9-LTS-239), built on 2024-09-30T05:17:38Z by "mach5one" with MS VC++ 17.6 (VS2022)

END.
